Adding "set-target"'s dependency "fullclean" to list of commands with default set of options.
Executing action: fullclean
Build directory '/home/rnd/Documents/pic64gx_secure_boot/gitlab/mcuboot_zephyr_esp32c3/boot/espressif/esp32c3-hello/hello_world/build' not found. Nothing to clean.
Executing action: set-target
Set Target to: esp32c3, new sdkconfig will be created.
Running cmake in directory /home/rnd/Documents/pic64gx_secure_boot/gitlab/mcuboot_zephyr_esp32c3/boot/espressif/esp32c3-hello/hello_world/build
Executing "cmake -G Ninja -DPYTHON_DEPS_CHECKED=1 -DPYTHON=/home/rnd/.espressif/python_env/idf5.1_py3.8_env/bin/python -DESP_PLATFORM=1 -DIDF_TARGET=esp32c3 -DCCACHE_ENABLE=0 /home/rnd/Documents/pic64gx_secure_boot/gitlab/mcuboot_zephyr_esp32c3/boot/espressif/esp32c3-hello/hello_world"...
-- Found Git: /usr/bin/git (found version "2.25.1") 
-- The C compiler identification is GNU 12.2.0
-- The CXX compiler identification is GNU 12.2.0
-- The ASM compiler identification is GNU
-- Found assembler: /home/rnd/.espressif/tools/riscv32-esp-elf/esp-12.2.0_20230208/riscv32-esp-elf/bin/riscv32-esp-elf-gcc
-- Detecting C compiler ABI info
-- Detecting C compiler ABI info - done
-- Check for working C compiler: /home/rnd/.espressif/tools/riscv32-esp-elf/esp-12.2.0_20230208/riscv32-esp-elf/bin/riscv32-esp-elf-gcc - skipped
-- Detecting C compile features
-- Detecting C compile features - done
-- Detecting CXX compiler ABI info
-- Detecting CXX compiler ABI info - done
-- Check for working CXX compiler: /home/rnd/.espressif/tools/riscv32-esp-elf/esp-12.2.0_20230208/riscv32-esp-elf/bin/riscv32-esp-elf-g++ - skipped
-- Detecting CXX compile features
-- Detecting CXX compile features - done
-- Building ESP-IDF components for target esp32c3
-- Project sdkconfig file /home/rnd/Documents/pic64gx_secure_boot/gitlab/mcuboot_zephyr_esp32c3/boot/espressif/esp32c3-hello/hello_world/sdkconfig
-- Looking for sys/types.h
-- Looking for sys/types.h - found
-- Looking for stdint.h
-- Looking for stdint.h - found
-- Looking for stddef.h
-- Looking for stddef.h - found
-- Check size of time_t
-- Check size of time_t - done
-- Found Python3: /home/rnd/.espressif/python_env/idf5.1_py3.8_env/bin/python (found version "3.8.10") found components: Interpreter 
-- Performing Test C_COMPILER_SUPPORTS_WFORMAT_SIGNEDNESS
-- Performing Test C_COMPILER_SUPPORTS_WFORMAT_SIGNEDNESS - Success
-- App "hello_world" version: 16cfdaf3
-- Adding linker script /home/rnd/Documents/pic64gx_secure_boot/gitlab/mcuboot_zephyr_esp32c3/boot/espressif/esp32c3-hello/hello_world/build/esp-idf/esp_system/ld/memory.ld
-- Adding linker script /home/rnd/Documents/pic64gx_secure_boot/gitlab/mcuboot_zephyr_esp32c3/esp32c3/esp-idf-v5.1.4/components/esp_system/ld/esp32c3/sections.ld.in
-- Adding linker script /home/rnd/Documents/pic64gx_secure_boot/gitlab/mcuboot_zephyr_esp32c3/esp32c3/esp-idf-v5.1.4/components/esp_rom/esp32c3/ld/esp32c3.rom.ld
-- Adding linker script /home/rnd/Documents/pic64gx_secure_boot/gitlab/mcuboot_zephyr_esp32c3/esp32c3/esp-idf-v5.1.4/components/esp_rom/esp32c3/ld/esp32c3.rom.api.ld
-- Adding linker script /home/rnd/Documents/pic64gx_secure_boot/gitlab/mcuboot_zephyr_esp32c3/esp32c3/esp-idf-v5.1.4/components/esp_rom/esp32c3/ld/esp32c3.rom.libgcc.ld
-- Adding linker script /home/rnd/Documents/pic64gx_secure_boot/gitlab/mcuboot_zephyr_esp32c3/esp32c3/esp-idf-v5.1.4/components/esp_rom/esp32c3/ld/esp32c3.rom.newlib.ld
-- Adding linker script /home/rnd/Documents/pic64gx_secure_boot/gitlab/mcuboot_zephyr_esp32c3/esp32c3/esp-idf-v5.1.4/components/esp_rom/esp32c3/ld/esp32c3.rom.version.ld
-- Adding linker script /home/rnd/Documents/pic64gx_secure_boot/gitlab/mcuboot_zephyr_esp32c3/esp32c3/esp-idf-v5.1.4/components/esp_rom/esp32c3/ld/esp32c3.rom.eco3.ld
-- Adding linker script /home/rnd/Documents/pic64gx_secure_boot/gitlab/mcuboot_zephyr_esp32c3/esp32c3/esp-idf-v5.1.4/components/soc/esp32c3/ld/esp32c3.peripherals.ld
-- Components: app_trace app_update bootloader bootloader_support bt cmock console cxx driver efuse esp-tls esp_adc esp_app_format esp_coex esp_common esp_eth esp_event esp_gdbstub esp_hid esp_http_client esp_http_server esp_https_ota esp_https_server esp_hw_support esp_lcd esp_local_ctrl esp_mm esp_netif esp_netif_stack esp_partition esp_phy esp_pm esp_psram esp_ringbuf esp_rom esp_system esp_timer esp_wifi espcoredump esptool_py fatfs freertos hal heap http_parser idf_test ieee802154 json log lwip main mbedtls mqtt newlib nvs_flash openthread partition_table protobuf-c protocomm pthread riscv sdmmc soc spi_flash spiffs tcp_transport ulp unity usb vfs wear_levelling wifi_provisioning wpa_supplicant
-- Component paths: /home/rnd/Documents/pic64gx_secure_boot/gitlab/mcuboot_zephyr_esp32c3/esp32c3/esp-idf-v5.1.4/components/app_trace /home/rnd/Documents/pic64gx_secure_boot/gitlab/mcuboot_zephyr_esp32c3/esp32c3/esp-idf-v5.1.4/components/app_update /home/rnd/Documents/pic64gx_secure_boot/gitlab/mcuboot_zephyr_esp32c3/esp32c3/esp-idf-v5.1.4/components/bootloader /home/rnd/Documents/pic64gx_secure_boot/gitlab/mcuboot_zephyr_esp32c3/esp32c3/esp-idf-v5.1.4/components/bootloader_support /home/rnd/Documents/pic64gx_secure_boot/gitlab/mcuboot_zephyr_esp32c3/esp32c3/esp-idf-v5.1.4/components/bt /home/rnd/Documents/pic64gx_secure_boot/gitlab/mcuboot_zephyr_esp32c3/esp32c3/esp-idf-v5.1.4/components/cmock /home/rnd/Documents/pic64gx_secure_boot/gitlab/mcuboot_zephyr_esp32c3/esp32c3/esp-idf-v5.1.4/components/console /home/rnd/Documents/pic64gx_secure_boot/gitlab/mcuboot_zephyr_esp32c3/esp32c3/esp-idf-v5.1.4/components/cxx /home/rnd/Documents/pic64gx_secure_boot/gitlab/mcuboot_zephyr_esp32c3/esp32c3/esp-idf-v5.1.4/components/driver /home/rnd/Documents/pic64gx_secure_boot/gitlab/mcuboot_zephyr_esp32c3/esp32c3/esp-idf-v5.1.4/components/efuse /home/rnd/Documents/pic64gx_secure_boot/gitlab/mcuboot_zephyr_esp32c3/esp32c3/esp-idf-v5.1.4/components/esp-tls /home/rnd/Documents/pic64gx_secure_boot/gitlab/mcuboot_zephyr_esp32c3/esp32c3/esp-idf-v5.1.4/components/esp_adc /home/rnd/Documents/pic64gx_secure_boot/gitlab/mcuboot_zephyr_esp32c3/esp32c3/esp-idf-v5.1.4/components/esp_app_format /home/rnd/Documents/pic64gx_secure_boot/gitlab/mcuboot_zephyr_esp32c3/esp32c3/esp-idf-v5.1.4/components/esp_coex /home/rnd/Documents/pic64gx_secure_boot/gitlab/mcuboot_zephyr_esp32c3/esp32c3/esp-idf-v5.1.4/components/esp_common /home/rnd/Documents/pic64gx_secure_boot/gitlab/mcuboot_zephyr_esp32c3/esp32c3/esp-idf-v5.1.4/components/esp_eth /home/rnd/Documents/pic64gx_secure_boot/gitlab/mcuboot_zephyr_esp32c3/esp32c3/esp-idf-v5.1.4/components/esp_event /home/rnd/Documents/pic64gx_secure_boot/gitlab/mcuboot_zephyr_esp32c3/esp32c3/esp-idf-v5.1.4/components/esp_gdbstub /home/rnd/Documents/pic64gx_secure_boot/gitlab/mcuboot_zephyr_esp32c3/esp32c3/esp-idf-v5.1.4/components/esp_hid /home/rnd/Documents/pic64gx_secure_boot/gitlab/mcuboot_zephyr_esp32c3/esp32c3/esp-idf-v5.1.4/components/esp_http_client /home/rnd/Documents/pic64gx_secure_boot/gitlab/mcuboot_zephyr_esp32c3/esp32c3/esp-idf-v5.1.4/components/esp_http_server /home/rnd/Documents/pic64gx_secure_boot/gitlab/mcuboot_zephyr_esp32c3/esp32c3/esp-idf-v5.1.4/components/esp_https_ota /home/rnd/Documents/pic64gx_secure_boot/gitlab/mcuboot_zephyr_esp32c3/esp32c3/esp-idf-v5.1.4/components/esp_https_server /home/rnd/Documents/pic64gx_secure_boot/gitlab/mcuboot_zephyr_esp32c3/esp32c3/esp-idf-v5.1.4/components/esp_hw_support /home/rnd/Documents/pic64gx_secure_boot/gitlab/mcuboot_zephyr_esp32c3/esp32c3/esp-idf-v5.1.4/components/esp_lcd /home/rnd/Documents/pic64gx_secure_boot/gitlab/mcuboot_zephyr_esp32c3/esp32c3/esp-idf-v5.1.4/components/esp_local_ctrl /home/rnd/Documents/pic64gx_secure_boot/gitlab/mcuboot_zephyr_esp32c3/esp32c3/esp-idf-v5.1.4/components/esp_mm /home/rnd/Documents/pic64gx_secure_boot/gitlab/mcuboot_zephyr_esp32c3/esp32c3/esp-idf-v5.1.4/components/esp_netif /home/rnd/Documents/pic64gx_secure_boot/gitlab/mcuboot_zephyr_esp32c3/esp32c3/esp-idf-v5.1.4/components/esp_netif_stack /home/rnd/Documents/pic64gx_secure_boot/gitlab/mcuboot_zephyr_esp32c3/esp32c3/esp-idf-v5.1.4/components/esp_partition /home/rnd/Documents/pic64gx_secure_boot/gitlab/mcuboot_zephyr_esp32c3/esp32c3/esp-idf-v5.1.4/components/esp_phy /home/rnd/Documents/pic64gx_secure_boot/gitlab/mcuboot_zephyr_esp32c3/esp32c3/esp-idf-v5.1.4/components/esp_pm /home/rnd/Documents/pic64gx_secure_boot/gitlab/mcuboot_zephyr_esp32c3/esp32c3/esp-idf-v5.1.4/components/esp_psram /home/rnd/Documents/pic64gx_secure_boot/gitlab/mcuboot_zephyr_esp32c3/esp32c3/esp-idf-v5.1.4/components/esp_ringbuf /home/rnd/Documents/pic64gx_secure_boot/gitlab/mcuboot_zephyr_esp32c3/esp32c3/esp-idf-v5.1.4/components/esp_rom /home/rnd/Documents/pic64gx_secure_boot/gitlab/mcuboot_zephyr_esp32c3/esp32c3/esp-idf-v5.1.4/components/esp_system /home/rnd/Documents/pic64gx_secure_boot/gitlab/mcuboot_zephyr_esp32c3/esp32c3/esp-idf-v5.1.4/components/esp_timer /home/rnd/Documents/pic64gx_secure_boot/gitlab/mcuboot_zephyr_esp32c3/esp32c3/esp-idf-v5.1.4/components/esp_wifi /home/rnd/Documents/pic64gx_secure_boot/gitlab/mcuboot_zephyr_esp32c3/esp32c3/esp-idf-v5.1.4/components/espcoredump /home/rnd/Documents/pic64gx_secure_boot/gitlab/mcuboot_zephyr_esp32c3/esp32c3/esp-idf-v5.1.4/components/esptool_py /home/rnd/Documents/pic64gx_secure_boot/gitlab/mcuboot_zephyr_esp32c3/esp32c3/esp-idf-v5.1.4/components/fatfs /home/rnd/Documents/pic64gx_secure_boot/gitlab/mcuboot_zephyr_esp32c3/esp32c3/esp-idf-v5.1.4/components/freertos /home/rnd/Documents/pic64gx_secure_boot/gitlab/mcuboot_zephyr_esp32c3/esp32c3/esp-idf-v5.1.4/components/hal /home/rnd/Documents/pic64gx_secure_boot/gitlab/mcuboot_zephyr_esp32c3/esp32c3/esp-idf-v5.1.4/components/heap /home/rnd/Documents/pic64gx_secure_boot/gitlab/mcuboot_zephyr_esp32c3/esp32c3/esp-idf-v5.1.4/components/http_parser /home/rnd/Documents/pic64gx_secure_boot/gitlab/mcuboot_zephyr_esp32c3/esp32c3/esp-idf-v5.1.4/components/idf_test /home/rnd/Documents/pic64gx_secure_boot/gitlab/mcuboot_zephyr_esp32c3/esp32c3/esp-idf-v5.1.4/components/ieee802154 /home/rnd/Documents/pic64gx_secure_boot/gitlab/mcuboot_zephyr_esp32c3/esp32c3/esp-idf-v5.1.4/components/json /home/rnd/Documents/pic64gx_secure_boot/gitlab/mcuboot_zephyr_esp32c3/esp32c3/esp-idf-v5.1.4/components/log /home/rnd/Documents/pic64gx_secure_boot/gitlab/mcuboot_zephyr_esp32c3/esp32c3/esp-idf-v5.1.4/components/lwip /home/rnd/Documents/pic64gx_secure_boot/gitlab/mcuboot_zephyr_esp32c3/boot/espressif/esp32c3-hello/hello_world/main /home/rnd/Documents/pic64gx_secure_boot/gitlab/mcuboot_zephyr_esp32c3/esp32c3/esp-idf-v5.1.4/components/mbedtls /home/rnd/Documents/pic64gx_secure_boot/gitlab/mcuboot_zephyr_esp32c3/esp32c3/esp-idf-v5.1.4/components/mqtt /home/rnd/Documents/pic64gx_secure_boot/gitlab/mcuboot_zephyr_esp32c3/esp32c3/esp-idf-v5.1.4/components/newlib /home/rnd/Documents/pic64gx_secure_boot/gitlab/mcuboot_zephyr_esp32c3/esp32c3/esp-idf-v5.1.4/components/nvs_flash /home/rnd/Documents/pic64gx_secure_boot/gitlab/mcuboot_zephyr_esp32c3/esp32c3/esp-idf-v5.1.4/components/openthread /home/rnd/Documents/pic64gx_secure_boot/gitlab/mcuboot_zephyr_esp32c3/esp32c3/esp-idf-v5.1.4/components/partition_table /home/rnd/Documents/pic64gx_secure_boot/gitlab/mcuboot_zephyr_esp32c3/esp32c3/esp-idf-v5.1.4/components/protobuf-c /home/rnd/Documents/pic64gx_secure_boot/gitlab/mcuboot_zephyr_esp32c3/esp32c3/esp-idf-v5.1.4/components/protocomm /home/rnd/Documents/pic64gx_secure_boot/gitlab/mcuboot_zephyr_esp32c3/esp32c3/esp-idf-v5.1.4/components/pthread /home/rnd/Documents/pic64gx_secure_boot/gitlab/mcuboot_zephyr_esp32c3/esp32c3/esp-idf-v5.1.4/components/riscv /home/rnd/Documents/pic64gx_secure_boot/gitlab/mcuboot_zephyr_esp32c3/esp32c3/esp-idf-v5.1.4/components/sdmmc /home/rnd/Documents/pic64gx_secure_boot/gitlab/mcuboot_zephyr_esp32c3/esp32c3/esp-idf-v5.1.4/components/soc /home/rnd/Documents/pic64gx_secure_boot/gitlab/mcuboot_zephyr_esp32c3/esp32c3/esp-idf-v5.1.4/components/spi_flash /home/rnd/Documents/pic64gx_secure_boot/gitlab/mcuboot_zephyr_esp32c3/esp32c3/esp-idf-v5.1.4/components/spiffs /home/rnd/Documents/pic64gx_secure_boot/gitlab/mcuboot_zephyr_esp32c3/esp32c3/esp-idf-v5.1.4/components/tcp_transport /home/rnd/Documents/pic64gx_secure_boot/gitlab/mcuboot_zephyr_esp32c3/esp32c3/esp-idf-v5.1.4/components/ulp /home/rnd/Documents/pic64gx_secure_boot/gitlab/mcuboot_zephyr_esp32c3/esp32c3/esp-idf-v5.1.4/components/unity /home/rnd/Documents/pic64gx_secure_boot/gitlab/mcuboot_zephyr_esp32c3/esp32c3/esp-idf-v5.1.4/components/usb /home/rnd/Documents/pic64gx_secure_boot/gitlab/mcuboot_zephyr_esp32c3/esp32c3/esp-idf-v5.1.4/components/vfs /home/rnd/Documents/pic64gx_secure_boot/gitlab/mcuboot_zephyr_esp32c3/esp32c3/esp-idf-v5.1.4/components/wear_levelling /home/rnd/Documents/pic64gx_secure_boot/gitlab/mcuboot_zephyr_esp32c3/esp32c3/esp-idf-v5.1.4/components/wifi_provisioning /home/rnd/Documents/pic64gx_secure_boot/gitlab/mcuboot_zephyr_esp32c3/esp32c3/esp-idf-v5.1.4/components/wpa_supplicant
-- Configuring done
-- Generating done
-- Build files have been written to: /home/rnd/Documents/pic64gx_secure_boot/gitlab/mcuboot_zephyr_esp32c3/boot/espressif/esp32c3-hello/hello_world/build

